
深基坑CAE系统依赖检查报告
==============================================
生成时间: 2025-06-22 08:13:20
系统信息: Windows 10 10.0.26100
Python版本: 3.11.7
==============================================

检查结果摘要:
  - check_dependencies.py: 失败
  - check_gmsh.py: 失败
  - check_kratos.py: 失败
  - check_trame.py: 失败
  - check_threejs.py: 失败
  - check_pytorch.py: 失败

==============================================

详细检查结果:

--------------------------------------------------
check_dependencies.py 检查结果:
--------------------------------------------------
Traceback (most recent call last):
  File "E:\Deep Excavation\check_dependencies.py", line 448, in <module>
    main()
  File "E:\Deep Excavation\check_dependencies.py", line 373, in main
    if not check_python_version():
           ^^^^^^^^^^^^^^^^^^^^^^
  File "E:\Deep Excavation\check_dependencies.py", line 105, in check_python_version
    print_status(
  File "E:\Deep Excavation\check_dependencies.py", line 58, in print_status
    print(f"{status_color} {message}")
UnicodeEncodeError: 'gbk' codec can't encode character '\u2713' in position 1: illegal multibyte sequence

--------------------------------------------------
check_gmsh.py 检查结果:
--------------------------------------------------
Traceback (most recent call last):
  File "E:\Deep Excavation\check_gmsh.py", line 412, in <module>
    main() 
    ^^^^^^
  File "E:\Deep Excavation\check_gmsh.py", line 368, in main
    if not check_python_version():
           ^^^^^^^^^^^^^^^^^^^^^^
  File "E:\Deep Excavation\check_gmsh.py", line 96, in check_python_version
    print_status(
  File "E:\Deep Excavation\check_gmsh.py", line 57, in print_status
    print(f"{status_color} {message}")
UnicodeEncodeError: 'gbk' codec can't encode character '\u2713' in position 1: illegal multibyte sequence

--------------------------------------------------
check_kratos.py 检查结果:
--------------------------------------------------
Traceback (most recent call last):
  File "E:\Deep Excavation\check_kratos.py", line 419, in <module>
    main() 
    ^^^^^^
  File "E:\Deep Excavation\check_kratos.py", line 379, in main
    if not check_python_version():
           ^^^^^^^^^^^^^^^^^^^^^^
  File "E:\Deep Excavation\check_kratos.py", line 104, in check_python_version
    print_status(
  File "E:\Deep Excavation\check_kratos.py", line 57, in print_status
    print(f"{status_color} {message}")
UnicodeEncodeError: 'gbk' codec can't encode character '\u2713' in position 1: illegal multibyte sequence

--------------------------------------------------
check_trame.py 检查结果:
--------------------------------------------------
Traceback (most recent call last):
  File "E:\Deep Excavation\check_trame.py", line 380, in <module>
    main() 
    ^^^^^^
  File "E:\Deep Excavation\check_trame.py", line 332, in main
    if not check_python_version():
           ^^^^^^^^^^^^^^^^^^^^^^
  File "E:\Deep Excavation\check_trame.py", line 96, in check_python_version
    print_status(
  File "E:\Deep Excavation\check_trame.py", line 57, in print_status
    print(f"{status_color} {message}")
UnicodeEncodeError: 'gbk' codec can't encode character '\u2713' in position 1: illegal multibyte sequence

--------------------------------------------------
check_threejs.py 检查结果:
--------------------------------------------------
Traceback (most recent call last):
  File "E:\Deep Excavation\check_threejs.py", line 315, in <module>
    main() 
    ^^^^^^
  File "E:\Deep Excavation\check_threejs.py", line 274, in main
    node_available = check_node()
                     ^^^^^^^^^^^^
  File "E:\Deep Excavation\check_threejs.py", line 97, in check_node
    print_status("Node.js未安装", "ERROR", "请安装Node.js")
  File "E:\Deep Excavation\check_threejs.py", line 57, in print_status
    print(f"{status_color} {message}")
UnicodeEncodeError: 'gbk' codec can't encode character '\u2717' in position 1: illegal multibyte sequence

--------------------------------------------------
check_pytorch.py 检查结果:
--------------------------------------------------
Traceback (most recent call last):
  File "E:\Deep Excavation\check_pytorch.py", line 451, in <module>
    main()
  File "E:\Deep Excavation\check_pytorch.py", line 397, in main
    if not check_python_version():
           ^^^^^^^^^^^^^^^^^^^^^^
  File "E:\Deep Excavation\check_pytorch.py", line 104, in check_python_version
    print_status(
  File "E:\Deep Excavation\check_pytorch.py", line 57, in print_status
    print(f"{status_color} {message}")
UnicodeEncodeError: 'gbk' codec can't encode character '\u2713' in position 1: illegal multibyte sequence

--------------------------------------------------
报告结束
